# min; starting at x=(2,0.2)...
# min;0 f(2,0.2) = 1.6753e+08
# min;  f_0 := f(2.01,0.2) = 1.69186e+08
# min;  f_1 := f(2,0.21) = 1.6703e+08
# min;    G[f] = (1.65617e+08,-4.99973e+07)
# min;1 s -=7e-09 | f(1,0.699973) = 9.95096e+08
# min;2 s -=4.9e-09 | f(1,0.549981) = 5.92528e+08
# min;3 s +=5.2675e-09 | f(1.18848,0.444987) = 1.21488e+08
# min;  f_0 := f(1.19848,0.444987) = 1.14865e+08
# min;  f_1 := f(1.18848,0.454987) = 1.22502e+08
# min;    G[f] = (-6.62286e+08,1.01396e+08)
# min;4 s -=3.68725e-09 | f(4.67707,0.05) = 5.53972e+08
# min;5 s -=2.58107e-09 | f(3.63049,0.0711131) = 4.59093e+08
# min;6 s -=1.80675e-09 | f(2.89789,0.183275) = 3.39626e+08
# min;7 s -=1.26473e-09 | f(2.38506,0.261789) = 2.47557e+08
# min;8 s -=8.85309e-10 | f(2.02609,0.316748) = 1.64895e+08
# min;9 s +=9.51707e-10 | f(1.77481,0.35522) = 9.95399e+07
# min;  f_0 := f(1.78481,0.35522) = 1.01969e+08
# min;  f_1 := f(1.77481,0.36522) = 9.97791e+07
# min;    G[f] = (2.42907e+08,2.39206e+07)
# min;10 s +=1.02308e-09 | f(1.54363,0.332454) = 5.46529e+07
# min;  f_0 := f(1.55363,0.332454) = 5.70195e+07
# min;  f_1 := f(1.54363,0.342454) = 5.58003e+07
# min;    G[f] = (2.36662e+08,1.14747e+08)
# min;11 s +=1.09982e-09 | f(1.3015,0.215058) = 4.2665e+07
# min;  f_0 := f(1.3115,0.215058) = 4.19192e+07
# min;  f_1 := f(1.3015,0.225058) = 4.31294e+07
# min;    G[f] = (-7.45759e+07,4.64415e+07)
# min;12 s -=7.69871e-10 | f(1.38352,0.163981) = 4.40416e+07
# min;13 s +=8.27612e-10 | f(1.35892,0.179304) = 4.15798e+07
# min;  f_0 := f(1.36892,0.179304) = 4.2617e+07
# min;  f_1 := f(1.35892,0.189304) = 4.21822e+07
# min;    G[f] = (1.03716e+08,6.02378e+07)
# min;14 s -=5.79328e-10 | f(1.27308,0.129451) = 4.42827e+07
# min;15 s -=4.0553e-10 | f(1.29883,0.144407) = 4.33715e+07
# min;16 s -=2.83871e-10 | f(1.31686,0.154876) = 4.18273e+07
# min;17 s +=3.05161e-10 | f(1.32948,0.162204) = 4.07685e+07
# min;  f_0 := f(1.33948,0.162204) = 4.28829e+07
# min;  f_1 := f(1.32948,0.172204) = 4.13703e+07
# min;    G[f] = (2.11442e+08,6.018e+07)
# min;18 s -=2.13613e-10 | f(1.26495,0.14384) = 4.54297e+07
# min;19 s -=1.49529e-10 | f(1.28431,0.149349) = 4.34677e+07
# min;20 s -=1.0467e-10 | f(1.29786,0.153206) = 4.28349e+07
# min;21 s -=7.32692e-11 | f(1.30734,0.155905) = 4.21996e+07
# min;22 s -=5.12884e-11 | f(1.31398,0.157795) = 4.16379e+07
# min;23 s -=3.59019e-11 | f(1.31863,0.159118) = 4.18799e+07
# min;|dx| = 0.00789265 < 0.01 = mindx
# min;24 s -=2.51313e-11 | f(1.32188,0.160044) = 4.24711e+07
# min;|dx| = 0.00552485 < 0.01 = mindx
# min;25 s -=1.75919e-11 | f(1.32416,0.160692) = 4.15908e+07
# min;|dx| = 0.0038674 < 0.01 = mindx
# min;26 s -=1.23144e-11 | f(1.32576,0.161146) = 4.1958e+07
# min;|dx| = 0.00270718 < 0.01 = mindx
# min;27 s -=8.62005e-12 | f(1.32687,0.161463) = 4.2215e+07
# min;|dx| = 0.00189502 < 0.01 = mindx
# min;28 s -=6.03403e-12 | f(1.32765,0.161686) = 4.18258e+07
# min;|dx| = 0.00132652 < 0.01 = mindx
# min;29 s -=4.22382e-12 | f(1.3282,0.161841) = 4.18956e+07
# min;|dx| = 0.000928562 < 0.01 = mindx
# min;30 s -=2.95668e-12 | f(1.32858,0.16195) = 4.16051e+07
# min;|dx| = 0.000649993 < 0.01 = mindx
# min;31 s -=2.06967e-12 | f(1.32885,0.162026) = 4.14103e+07
# min;|dx| = 0.000454995 < 0.01 = mindx
# min;32 s -=1.44877e-12 | f(1.32904,0.16208) = 4.18515e+07
# min;|dx| = 0.000318497 < 0.01 = mindx
# min;33 s -=1.01414e-12 | f(1.32917,0.162117) = 4.18588e+07
# min;|dx| = 0.000222948 < 0.01 = mindx
# min;34 s -=7.09898e-13 | f(1.32926,0.162143) = 4.12915e+07
# min;|dx| = 0.000156063 < 0.01 = mindx
# min;35 s -=4.96929e-13 | f(1.32933,0.162162) = 4.22411e+07
# min;|dx| = 0.000109244 < 0.01 = mindx
# min;36 s -=3.4785e-13 | f(1.32937,0.162174) = 4.15703e+07
# min;|dx| = 7.64711e-05 < 0.01 = mindx
# min;37 s -=2.43495e-13 | f(1.3294,0.162183) = 4.2085e+07
# min;|dx| = 5.35297e-05 < 0.01 = mindx
# min;38 s -=1.70446e-13 | f(1.32942,0.16219) = 4.13917e+07
# min;|dx| = 3.74708e-05 < 0.01 = mindx
# min;39 s -=1.19313e-13 | f(1.32944,0.162194) = 4.20585e+07
# min;|dx| = 2.62296e-05 < 0.01 = mindx
# min;40 s -=8.35188e-14 | f(1.32945,0.162197) = 4.22703e+07
# min;|dx| = 1.83607e-05 < 0.01 = mindx
# min;41 s -=5.84631e-14 | f(1.32946,0.162199) = 4.11924e+07
# min;|dx| = 1.28525e-05 < 0.01 = mindx
# min;42 s -=4.09242e-14 | f(1.32946,0.162201) = 4.2033e+07
# min;|dx| = 8.99674e-06 < 0.01 = mindx
# min;43 s -=2.86469e-14 | f(1.32947,0.162202) = 4.16346e+07
# min;|dx| = 6.29772e-06 < 0.01 = mindx
# min;44 s -=2.00529e-14 | f(1.32947,0.162203) = 4.1985e+07
# min;|dx| = 4.4084e-06 < 0.01 = mindx
# min;45 s -=1.4037e-14 | f(1.32947,0.162203) = 4.12218e+07
# min;|dx| = 3.08588e-06 < 0.01 = mindx
# min;46 s -=9.8259e-15 | f(1.32947,0.162203) = 4.17465e+07
# min;|dx| = 2.16012e-06 < 0.01 = mindx
# min;47 s -=6.87813e-15 | f(1.32947,0.162204) = 4.18106e+07
# min;|dx| = 1.51208e-06 < 0.01 = mindx
# min;48 s -=4.81469e-15 | f(1.32947,0.162204) = 4.15253e+07
# min;|dx| = 1.05846e-06 < 0.01 = mindx
# min;49 s -=3.37028e-15 | f(1.32947,0.162204) = 4.14595e+07
# min;|dx| = 7.40921e-07 < 0.01 = mindx
# min;50 s -=2.3592e-15 | f(1.32947,0.162204) = 4.20337e+07
# min;|dx| = 5.18644e-07 < 0.01 = mindx
# min;51 s -=1.65144e-15 | f(1.32947,0.162204) = 4.20948e+07
# min;|dx| = 3.63051e-07 < 0.01 = mindx
# min;52 s -=1.15601e-15 | f(1.32948,0.162204) = 4.14771e+07
# min;|dx| = 2.54136e-07 < 0.01 = mindx
# min;53 s -=8.09205e-16 | f(1.32948,0.162204) = 4.15596e+07
# min;|dx| = 1.77895e-07 < 0.01 = mindx
# min;54 s -=5.66444e-16 | f(1.32948,0.162204) = 4.12392e+07
# min;|dx| = 1.24527e-07 < 0.01 = mindx
# min;55 s -=3.96511e-16 | f(1.32948,0.162204) = 4.19377e+07
# min;|dx| = 8.71686e-08 < 0.01 = mindx
# min;56 s -=2.77557e-16 | f(1.32948,0.162204) = 4.13543e+07
# min;|dx| = 6.1018e-08 < 0.01 = mindx
# min;57 s -=1.9429e-16 | f(1.32948,0.162204) = 4.18497e+07
# min;|dx| = 4.27126e-08 < 0.01 = mindx
# min;58 s -=1.36003e-16 | f(1.32948,0.162204) = 4.18809e+07
# min;|dx| = 2.98988e-08 < 0.01 = mindx
# min;59 s -=9.52022e-17 | f(1.32948,0.162204) = 4.236e+07
# min;|dx| = 2.09292e-08 < 0.01 = mindx
# min;60 s -=6.66415e-17 | f(1.32948,0.162204) = 4.24947e+07
# min;|dx| = 1.46504e-08 < 0.01 = mindx
# min;61 s -=4.66491e-17 | f(1.32948,0.162204) = 4.09606e+07
# min;|dx| = 1.02553e-08 < 0.01 = mindx
# min;62 s -=3.26543e-17 | f(1.32948,0.162204) = 4.18118e+07
# min;|dx| = 7.17871e-09 < 0.01 = mindx
# min;63 s -=2.2858e-17 | f(1.32948,0.162204) = 4.22119e+07
# min;|dx| = 5.02509e-09 < 0.01 = mindx
# min;64 s -=1.60006e-17 | f(1.32948,0.162204) = 4.21685e+07
# min;|dx| = 3.51757e-09 < 0.01 = mindx
# min;65 s -=1.12004e-17 | f(1.32948,0.162204) = 4.21337e+07
# min;|dx| = 2.4623e-09 < 0.01 = mindx
# min;66 s -=7.84031e-18 | f(1.32948,0.162204) = 4.13808e+07
# min;|dx| = 1.72361e-09 < 0.01 = mindx
# min;67 s -=5.48822e-18 | f(1.32948,0.162204) = 4.20511e+07
# min;|dx| = 1.20653e-09 < 0.01 = mindx
# min;68 s -=3.84175e-18 | f(1.32948,0.162204) = 4.15349e+07
# min;|dx| = 8.44568e-10 < 0.01 = mindx
# min;69 s -=2.68923e-18 | f(1.32948,0.162204) = 4.31254e+07
# min;|dx| = 5.91197e-10 < 0.01 = mindx
# min;70 s -=1.88246e-18 | f(1.32948,0.162204) = 4.20221e+07
# min;|dx| = 4.13838e-10 < 0.01 = mindx
# min;71 s -=1.31772e-18 | f(1.32948,0.162204) = 4.19088e+07
# min;|dx| = 2.89687e-10 < 0.01 = mindx
# min;72 s -=9.22405e-19 | f(1.32948,0.162204) = 4.20298e+07
# min;|dx| = 2.02781e-10 < 0.01 = mindx
# min;73 s -=6.45683e-19 | f(1.32948,0.162204) = 4.22897e+07
# min;|dx| = 1.41946e-10 < 0.01 = mindx
# min;74 s -=4.51978e-19 | f(1.32948,0.162204) = 4.23881e+07
# min;|dx| = 9.93625e-11 < 0.01 = mindx
# min;75 s -=3.16385e-19 | f(1.32948,0.162204) = 4.18554e+07
# min;|dx| = 6.95537e-11 < 0.01 = mindx
# min;76 s -=2.21469e-19 | f(1.32948,0.162204) = 4.17877e+07
# min;|dx| = 4.86876e-11 < 0.01 = mindx
# min;77 s -=1.55029e-19 | f(1.32948,0.162204) = 4.28072e+07
# min;|dx| = 3.40814e-11 < 0.01 = mindx
# min;78 s -=1.0852e-19 | f(1.32948,0.162204) = 4.16195e+07
# min;|dx| = 2.38569e-11 < 0.01 = mindx
# min;79 s -=7.5964e-20 | f(1.32948,0.162204) = 4.30347e+07
# min;|dx| = 1.66999e-11 < 0.01 = mindx
# min;80 s -=5.31748e-20 | f(1.32948,0.162204) = 4.20251e+07
# min;|dx| = 1.169e-11 < 0.01 = mindx
# min;81 s -=3.72223e-20 | f(1.32948,0.162204) = 4.15469e+07
# min;|dx| = 8.18294e-12 < 0.01 = mindx
# min;82 s -=2.60556e-20 | f(1.32948,0.162204) = 4.27269e+07
# min;|dx| = 5.72795e-12 < 0.01 = mindx
# min;83 s -=1.8239e-20 | f(1.32948,0.162204) = 4.18959e+07
# min;|dx| = 4.00963e-12 < 0.01 = mindx
# min;84 s -=1.27673e-20 | f(1.32948,0.162204) = 4.19958e+07
# min;|dx| = 2.80683e-12 < 0.01 = mindx
# min;85 s -=8.93709e-21 | f(1.32948,0.162204) = 4.23846e+07
# min;|dx| = 1.96465e-12 < 0.01 = mindx
# min;86 s -=6.25596e-21 | f(1.32948,0.162204) = 4.23844e+07
# min;|dx| = 1.37525e-12 < 0.01 = mindx
# min;87 s -=4.37917e-21 | f(1.32948,0.162204) = 4.23178e+07
# min;|dx| = 9.627e-13 < 0.01 = mindx
# min;88 s -=3.06542e-21 | f(1.32948,0.162204) = 4.1746e+07
# min;|dx| = 6.73886e-13 < 0.01 = mindx
# min;89 s -=2.14579e-21 | f(1.32948,0.162204) = 4.24055e+07
# min;|dx| = 4.71662e-13 < 0.01 = mindx
# min;90 s -=1.50206e-21 | f(1.32948,0.162204) = 4.26858e+07
# min;|dx| = 3.30142e-13 < 0.01 = mindx
# min;91 s -=1.05144e-21 | f(1.32948,0.162204) = 4.16107e+07
# min;|dx| = 2.311e-13 < 0.01 = mindx
# min;92 s -=7.36007e-22 | f(1.32948,0.162204) = 4.19578e+07
# min;|dx| = 1.61834e-13 < 0.01 = mindx
# min;93 s -=5.15205e-22 | f(1.32948,0.162204) = 4.19646e+07
# min;|dx| = 1.13346e-13 < 0.01 = mindx
# min;94 s -=3.60644e-22 | f(1.32948,0.162204) = 4.19947e+07
# min;|dx| = 7.91937e-14 < 0.01 = mindx
# min;95 s -=2.52451e-22 | f(1.32948,0.162204) = 4.22703e+07
# min;|dx| = 5.54112e-14 < 0.01 = mindx
# min;96 s -=1.76715e-22 | f(1.32948,0.162204) = 4.1769e+07
# min;|dx| = 3.87886e-14 < 0.01 = mindx
# min;97 s -=1.23701e-22 | f(1.32948,0.162204) = 4.14741e+07
# min;|dx| = 2.72367e-14 < 0.01 = mindx
# min;98 s -=8.65905e-23 | f(1.32948,0.162204) = 4.23715e+07
# min;|dx| = 1.89406e-14 < 0.01 = mindx
# min;99 s -=6.06134e-23 | f(1.32948,0.162204) = 4.11593e+07
# min;|dx| = 1.3382e-14 < 0.01 = mindx
# min;100 s -=4.24294e-23 | f(1.32948,0.162204) = 4.19094e+07
# min;Max iteration count reached.
