\BOOKMARK [0][-]{chapter.1}{Introduction}{}% 1
\BOOKMARK [0][-]{chapter.2}{Abstracted\040simulator}{}% 2
\BOOKMARK [1][-]{section.2.1}{Zimulator}{chapter.2}% 3
\BOOKMARK [2][-]{subsection.2.1.1}{Implementation}{section.2.1}% 4
\BOOKMARK [1][-]{section.2.2}{Specification}{chapter.2}% 5
\BOOKMARK [2][-]{subsection.2.2.1}{zsystem}{section.2.2}% 6
\BOOKMARK [2][-]{subsection.2.2.2}{ztype}{section.2.2}% 7
\BOOKMARK [2][-]{subsection.2.2.3}{zbox}{section.2.2}% 8
\BOOKMARK [2][-]{subsection.2.2.4}{zlink}{section.2.2}% 9
\BOOKMARK [2][-]{subsection.2.2.5}{zpath}{section.2.2}% 10
\BOOKMARK [2][-]{subsection.2.2.6}{zstop}{section.2.2}% 11
\BOOKMARK [2][-]{subsection.2.2.7}{zschedule}{section.2.2}% 12
\BOOKMARK [2][-]{subsection.2.2.8}{zdemand}{section.2.2}% 13
\BOOKMARK [2][-]{subsection.2.2.9}{zsource}{section.2.2}% 14
\BOOKMARK [1][-]{section.2.3}{Server\040consultation}{chapter.2}% 15
\BOOKMARK [2][-]{subsection.2.3.1}{Event\040specification}{section.2.3}% 16
\BOOKMARK [2][-]{subsection.2.3.2}{Request}{section.2.3}% 17
\BOOKMARK [2][-]{subsection.2.3.3}{Response}{section.2.3}% 18
\BOOKMARK [1][-]{section.2.4}{Input\040language}{chapter.2}% 19
\BOOKMARK [2][-]{subsection.2.4.1}{Specific\040input\040notation}{section.2.4}% 20
\BOOKMARK [2][-]{subsection.2.4.2}{Server\040consultation}{section.2.4}% 21
\BOOKMARK [1][-]{section.2.5}{System\040Integration}{chapter.2}% 22
\BOOKMARK [2][-]{subsection.2.5.1}{Command-line\040invocation}{section.2.5}% 23
\BOOKMARK [1][-]{section.2.6}{Object\040files}{chapter.2}% 24
\BOOKMARK [1][-]{section.2.7}{Core\040dynamics}{chapter.2}% 25
\BOOKMARK [2][-]{subsection.2.7.1}{Time\040evolution\040of\040system}{section.2.7}% 26
\BOOKMARK [1][-]{section.2.8}{Reporting\040outputs}{chapter.2}% 27
\BOOKMARK [0][-]{chapter.3}{Zimulator\040code}{}% 28
\BOOKMARK [1][-]{section.3.1}{Source\040files\040and\040structure}{chapter.3}% 29
\BOOKMARK [1][-]{section.3.2}{zim\040and\040zio\040interfaces}{chapter.3}% 30
\BOOKMARK [0][-]{chapter.4}{Command-line\040interface}{}% 31
\BOOKMARK [1][-]{section.4.1}{CLI\040source\040code}{chapter.4}% 32
\BOOKMARK [1][-]{section.4.2}{CLI\040usage}{chapter.4}% 33
\BOOKMARK [0][-]{chapter.5}{Toy\040examples}{}% 34
\BOOKMARK [1][-]{section.5.1}{Four\040pipes\040and\040a\040span}{chapter.5}% 35
\BOOKMARK [2][-]{subsection.5.1.1}{Execution}{section.5.1}% 36
\BOOKMARK [0][-]{chapter.6}{Metro\040systems}{}% 37
\BOOKMARK [1][-]{section.6.1}{Modelling\040a\040metro\040system}{chapter.6}% 38
\BOOKMARK [2][-]{subsection.6.1.1}{Representation}{section.6.1}% 39
\BOOKMARK [2][-]{subsection.6.1.2}{zsyntax\040files}{section.6.1}% 40
\BOOKMARK [2][-]{subsection.6.1.3}{Simulator\040input\040files}{section.6.1}% 41
\BOOKMARK [2][-]{subsection.6.1.4}{System\040parameters}{section.6.1}% 42
\BOOKMARK [2][-]{subsection.6.1.5}{Calibration}{section.6.1}% 43
\BOOKMARK [0][-]{chapter.7}{Madrid\040Metro}{}% 44
\BOOKMARK [1][-]{section.7.1}{Madrid\040Metro}{chapter.7}% 45
\BOOKMARK [2][-]{subsection.7.1.1}{Metro\040system\040public\040data}{section.7.1}% 46
\BOOKMARK [2][-]{subsection.7.1.2}{Synthetic\040data}{section.7.1}% 47
\BOOKMARK [2][-]{subsection.7.1.3}{Station\040template}{section.7.1}% 48
\BOOKMARK [2][-]{subsection.7.1.4}{zsyntax\040files}{section.7.1}% 49
\BOOKMARK [2][-]{subsection.7.1.5}{Running\040the\040simulation}{section.7.1}% 50
\BOOKMARK [2][-]{subsection.7.1.6}{Simulation\040output}{section.7.1}% 51
\BOOKMARK [0][-]{chapter.8}{Calibration}{}% 52
\BOOKMARK [1][-]{section.8.1}{Travel-time\040tool}{chapter.8}% 53
\BOOKMARK [1][-]{section.8.2}{Synthetic\040reference\040data}{chapter.8}% 54
\BOOKMARK [1][-]{section.8.3}{Comparison}{chapter.8}% 55
\BOOKMARK [1][-]{section.8.4}{Objective}{chapter.8}% 56
\BOOKMARK [1][-]{section.8.5}{Calibration}{chapter.8}% 57
\BOOKMARK [1][-]{section.8.6}{Running\040calibration}{chapter.8}% 58
\BOOKMARK [1][-]{section.8.7}{Calibrated\040model}{chapter.8}% 59
\BOOKMARK [0][-]{chapter.9}{Simulation\040results}{}% 60
\BOOKMARK [1][-]{section.9.1}{Travel-time\040distribution}{chapter.9}% 61
\BOOKMARK [1][-]{section.9.2}{Platform\040occupancy}{chapter.9}% 62
\BOOKMARK [1][-]{section.9.3}{Train\040occupancy}{chapter.9}% 63
\BOOKMARK [1][-]{section.9.4}{An\040event\040and\040consequences}{chapter.9}% 64
